Resetting modules to system default. Reseting $MODULEPATH back to system default. All extra directories will be removed from $MODULEPATH.
TENSORFLOW_TINKERCLIFFS_A100: Normal beginning of execution.
2021-10-22 10:34:25.165251: I tensorflow/stream_executor/platform/default/dso_loader.cc:49] Successfully opened dynamic library libcudart.so.11.0
2021-10-22 10:34:33.777207: I tensorflow/compiler/jit/xla_cpu_device.cc:41] Not creating XLA devices, tf_xla_enable_xla_devices not set
2021-10-22 10:34:33.778911: I tensorflow/stream_executor/platform/default/dso_loader.cc:49] Successfully opened dynamic library libcuda.so.1
2021-10-22 10:34:33.842953: I tensorflow/core/common_runtime/gpu/gpu_device.cc:1720] Found device 0 with properties: 
pciBusID: 0000:4c:00.0 name: A100-SXM-80GB computeCapability: 8.0
coreClock: 1.41GHz coreCount: 108 deviceMemorySize: 79.35GiB deviceMemoryBandwidth: 1.85TiB/s
2021-10-22 10:34:33.843001: I tensorflow/stream_executor/platform/default/dso_loader.cc:49] Successfully opened dynamic library libcudart.so.11.0
2021-10-22 10:34:33.849898: I tensorflow/stream_executor/platform/default/dso_loader.cc:49] Successfully opened dynamic library libcublas.so.11
2021-10-22 10:34:33.849934: I tensorflow/stream_executor/platform/default/dso_loader.cc:49] Successfully opened dynamic library libcublasLt.so.11
2021-10-22 10:34:33.853292: I tensorflow/stream_executor/platform/default/dso_loader.cc:49] Successfully opened dynamic library libcufft.so.10
2021-10-22 10:34:33.855703: I tensorflow/stream_executor/platform/default/dso_loader.cc:49] Successfully opened dynamic library libcurand.so.10
2021-10-22 10:34:33.860214: I tensorflow/stream_executor/platform/default/dso_loader.cc:49] Successfully opened dynamic library libcusolver.so.11
2021-10-22 10:34:33.862817: I tensorflow/stream_executor/platform/default/dso_loader.cc:49] Successfully opened dynamic library libcusparse.so.11
2021-10-22 10:34:33.864935: I tensorflow/stream_executor/platform/default/dso_loader.cc:49] Successfully opened dynamic library libcudnn.so.8
2021-10-22 10:34:33.871503: I tensorflow/core/common_runtime/gpu/gpu_device.cc:1862] Adding visible gpu devices: 0
2021-10-22 10:34:33.873149: I tensorflow/compiler/jit/xla_gpu_device.cc:99] Not creating XLA devices, tf_xla_enable_xla_devices not set
2021-10-22 10:34:33.876387: I tensorflow/core/common_runtime/gpu/gpu_device.cc:1720] Found device 0 with properties: 
pciBusID: 0000:4c:00.0 name: A100-SXM-80GB computeCapability: 8.0
coreClock: 1.41GHz coreCount: 108 deviceMemorySize: 79.35GiB deviceMemoryBandwidth: 1.85TiB/s
2021-10-22 10:34:33.876406: I tensorflow/stream_executor/platform/default/dso_loader.cc:49] Successfully opened dynamic library libcudart.so.11.0
2021-10-22 10:34:33.876419: I tensorflow/stream_executor/platform/default/dso_loader.cc:49] Successfully opened dynamic library libcublas.so.11
2021-10-22 10:34:33.876431: I tensorflow/stream_executor/platform/default/dso_loader.cc:49] Successfully opened dynamic library libcublasLt.so.11
2021-10-22 10:34:33.876442: I tensorflow/stream_executor/platform/default/dso_loader.cc:49] Successfully opened dynamic library libcufft.so.10
2021-10-22 10:34:33.876453: I tensorflow/stream_executor/platform/default/dso_loader.cc:49] Successfully opened dynamic library libcurand.so.10
2021-10-22 10:34:33.876464: I tensorflow/stream_executor/platform/default/dso_loader.cc:49] Successfully opened dynamic library libcusolver.so.11
2021-10-22 10:34:33.876475: I tensorflow/stream_executor/platform/default/dso_loader.cc:49] Successfully opened dynamic library libcusparse.so.11
2021-10-22 10:34:33.876486: I tensorflow/stream_executor/platform/default/dso_loader.cc:49] Successfully opened dynamic library libcudnn.so.8
2021-10-22 10:34:33.882857: I tensorflow/core/common_runtime/gpu/gpu_device.cc:1862] Adding visible gpu devices: 0
2021-10-22 10:34:33.882883: I tensorflow/stream_executor/platform/default/dso_loader.cc:49] Successfully opened dynamic library libcudart.so.11.0
2021-10-22 10:40:05.418783: I tensorflow/core/common_runtime/gpu/gpu_device.cc:1261] Device interconnect StreamExecutor with strength 1 edge matrix:
2021-10-22 10:40:05.419238: I tensorflow/core/common_runtime/gpu/gpu_device.cc:1267]      0 
2021-10-22 10:40:05.419246: I tensorflow/core/common_runtime/gpu/gpu_device.cc:1280] 0:   N 
2021-10-22 10:40:05.429285: I tensorflow/core/common_runtime/gpu/gpu_device.cc:1406] Created TensorFlow device (/job:localhost/replica:0/task:0/device:GPU:0 with 75870 MB memory) -> physical GPU (device: 0, name: A100-SXM-80GB, pci bus id: 0000:4c:00.0, compute capability: 8.0)
2021-10-22 10:40:05.429539: I tensorflow/core/common_runtime/process_util.cc:146] Creating new thread pool with default inter op setting: 2. Tune using inter_op_parallelism_threads for best performance.
2021-10-22 10:40:06.052132: I tensorflow/compiler/mlir/mlir_graph_optimization_pass.cc:116] None of the MLIR optimization passes are enabled (registered 2)
2021-10-22 10:40:06.052598: I tensorflow/core/platform/profile_utils/cpu_utils.cc:112] CPU Frequency: 2245890000 Hz
2021-10-22 10:40:06.462651: I tensorflow/stream_executor/platform/default/dso_loader.cc:49] Successfully opened dynamic library libcudnn.so.8
2021-10-22 10:40:08.417683: I tensorflow/stream_executor/platform/default/dso_loader.cc:49] Successfully opened dynamic library libcublas.so.11
2021-10-22 10:40:08.885029: I tensorflow/stream_executor/platform/default/dso_loader.cc:49] Successfully opened dynamic library libcublasLt.so.11
TENSORFLOW_TINKERCLIFFS_A100: Normal end of execution.
